<?xml version="1.0" encoding="UTF-8"?>
<!-- Generated by org.testng.reporters.JUnitXMLReporter -->
<testsuite ignored="0" hostname="BSTPL-LAP-31" failures="1" tests="7" name="Command line test 2582c815-d2f3-42c3-9778-9de0150e3809" time="188.009" errors="0" timestamp="2025-04-06T21:16:56 IST">
  <testcase classname="org.testing.testScripts.TC1_loginYoutubeTrendingClick" name="testTrendingLink" time="5.863"/>
  <testcase classname="org.testing.testScripts.TC2_YouTubeHomePageandHistoryIconclick" name="YouTubeHomePageandHistoryIconclick" time="9.75"/>
  <testcase classname="org.testing.testScripts.TC3_susbcriptionHyperlinkClick" name="subscriptionHyperlinkClick" time="0.644"/>
  <testcase classname="org.testing.testScripts.TC4_likeLinkClick" name="likeLinkClick" time="18.609"/>
  <testcase classname="org.testing.testScripts.TC5_channelSubscribe" name="channelSubscribe" time="13.404">
    <failure type="java.lang.IllegalArgumentException" message="Cannot find elements when the selector is null">
      <![CDATA[java.lang.IllegalArgumentException: Cannot find elements when the selector is null
at org.openqa.selenium.internal.Require$ArgumentChecker.nonNull(Require.java:207)
at org.openqa.selenium.By$ByCssSelector.<init>(By.java:328)
at org.openqa.selenium.By.cssSelector(By.java:112)
at org.testing.testScripts.TC5_channelSubscribe.channelSubscribe(TC5_channelSubscribe.java:38)
at java.base/java.util.ArrayList.forEach(ArrayList.java:1596)
at org.testing.runner.TestRunner.main(TestRunner.java:48)
... Removed 22 stack frames]]>
    </failure>
  </testcase> <!-- channelSubscribe -->
  <testcase classname="org.testing.testScripts.TC6_videoPlayComment" name="commentVideo" time="29.451"/>
  <testcase classname="org.testing.testScripts.TC7_watchLater1" name="watchToastMessage" time="17.403"/>
</testsuite> <!-- Command line test 2582c815-d2f3-42c3-9778-9de0150e3809 -->
