<?xml version="1.0" encoding="UTF-8"?>
<!-- Generated by org.testng.reporters.JUnitXMLReporter -->
<testsuite ignored="0" hostname="BSTPL-LAP-31" failures="2" tests="7" name="Command line test de7941c8-574d-49d6-9db4-1187ed3e85ee" time="170.114" errors="0" timestamp="2025-04-11T12:46:09 IST">
  <testcase classname="org.testing.testScripts.TC1_loginYoutubeTrendingClick" name="testTrendingLink" time="9.73"/>
  <testcase classname="org.testing.testScripts.TC2_YouTubeHomePageandHistoryIconclick" name="YouTubeHomePageandHistoryIconclick" time="9.536"/>
  <testcase classname="org.testing.testScripts.TC3_susbcriptionHyperlinkClick" name="subscriptionHyperlinkClick" time="0.988"/>
  <testcase classname="org.testing.testScripts.TC4_likeLinkClick" name="likeLinkClick" time="16.087"/>
  <testcase classname="org.testing.testScripts.TC5_channelSubscribe" name="channelSubscribe" time="11.548">
    <failure type="java.lang.IllegalArgumentException" message="Cannot find elements when the selector is null">
      <![CDATA[java.lang.IllegalArgumentException: Cannot find elements when the selector is null
at org.openqa.selenium.internal.Require$ArgumentChecker.nonNull(Require.java:207)
at org.openqa.selenium.By$ByCssSelector.<init>(By.java:328)
at org.openqa.selenium.By.cssSelector(By.java:112)
at org.testing.testScripts.TC5_channelSubscribe.channelSubscribe(TC5_channelSubscribe.java:38)
at java.base/java.util.ArrayList.forEach(ArrayList.java:1596)
at org.testing.runner.TestRunner.main(TestRunner.java:48)
... Removed 22 stack frames]]>
    </failure>
  </testcase> <!-- channelSubscribe -->
  <testcase classname="org.testing.testScripts.TC6_videoPlayComment" name="commentVideo" time="27.455"/>
  <testcase classname="org.testing.testScripts.TC7_watchLater1" name="watchToastMessage" time="4.662">
    <failure type="org.openqa.selenium.ElementNotInteractableException" message="element not interactable
  (Session info: chrome=135.0.7049.42)
Build info: version: &amp;apos;4.12.1&amp;apos;, revision: &amp;apos;8e34639b11&amp;apos;
System info: os.name: &amp;apos;Windows 10&amp;apos;, os.arch: &amp;apos;amd64&amp;apos;, os.version: &amp;apos;10.0&amp;apos;, java.version: &amp;apos;21.0.4&amp;apos;
Driver info: org.openqa.selenium.chrome.ChromeDriver
Command: [31b38a47fac55cc93a8ed860d8f45e20, clickElement {id=f.1AB0769D7D787DA38354214EB3B13893.d.D189AA56AFC202E8C0CB46B0C3122053.e.24}]
Capabilities {acceptInsecureCerts: false, browserName: chrome, browserVersion: 135.0.7049.42, chrome: {chromedriverVersion: 135.0.7049.84 (6c019e560019..., userDataDir: C:\Users\sjamwal\AppData\Lo...}, fedcm:accounts: true, goog:chromeOptions: {debuggerAddress: localhost:60033}, networkConnectionEnabled: false, pageLoadStrategy: normal, platformName: windows, proxy: Proxy(), se:cdp: ws://localhost:60033/devtoo..., se:cdpVersion: 135.0.7049.42, setWindowRect: true, strictFileInteractability: false, timeouts: {implicit: 0, pageLoad: 300000, script: 30000}, unhandledPromptBehavior: dismiss and notify, webauthn:extension:credBlob: true, webauthn:extension:largeBlob: true, webauthn:extension:minPinLength: true, webauthn:extension:prf: true, webauthn:virtualAuthenticators: true}
Element: [[ChromeDriver: chrome on windows (31b38a47fac55cc93a8ed860d8f45e20)] -&amp;gt; xpath: (//a[@id=&amp;apos;endpoint&amp;apos;])[12]]
Session ID: 31b38a47fac55cc93a8ed860d8f45e20">
      <![CDATA[org.openqa.selenium.ElementNotInteractableException: element not interactable
  (Session info: chrome=135.0.7049.42)
Build info: version: '4.12.1', revision: '8e34639b11'
System info: os.name: 'Windows 10', os.arch: 'amd64', os.version: '10.0', java.version: '21.0.4'
Driver info: org.openqa.selenium.chrome.ChromeDriver
Command: [31b38a47fac55cc93a8ed860d8f45e20, clickElement {id=f.1AB0769D7D787DA38354214EB3B13893.d.D189AA56AFC202E8C0CB46B0C3122053.e.24}]
Capabilities {acceptInsecureCerts: false, browserName: chrome, browserVersion: 135.0.7049.42, chrome: {chromedriverVersion: 135.0.7049.84 (6c019e560019..., userDataDir: C:\Users\sjamwal\AppData\Lo...}, fedcm:accounts: true, goog:chromeOptions: {debuggerAddress: localhost:60033}, networkConnectionEnabled: false, pageLoadStrategy: normal, platformName: windows, proxy: Proxy(), se:cdp: ws://localhost:60033/devtoo..., se:cdpVersion: 135.0.7049.42, setWindowRect: true, strictFileInteractability: false, timeouts: {implicit: 0, pageLoad: 300000, script: 30000}, unhandledPromptBehavior: dismiss and notify, webauthn:extension:credBlob: true, webauthn:extension:largeBlob: true, webauthn:extension:minPinLength: true, webauthn:extension:prf: true, webauthn:virtualAuthenticators: true}
Element: [[ChromeDriver: chrome on windows (31b38a47fac55cc93a8ed860d8f45e20)] -> xpath: (//a[@id='endpoint'])[12]]
Session ID: 31b38a47fac55cc93a8ed860d8f45e20
at org.openqa.selenium.remote.codec.w3c.W3CHttpResponseCodec.createException(W3CHttpResponseCodec.java:200)
at org.openqa.selenium.remote.codec.w3c.W3CHttpResponseCodec.decode(W3CHttpResponseCodec.java:133)
at org.openqa.selenium.remote.codec.w3c.W3CHttpResponseCodec.decode(W3CHttpResponseCodec.java:52)
at org.openqa.selenium.remote.HttpCommandExecutor.execute(HttpCommandExecutor.java:191)
at org.openqa.selenium.remote.service.DriverCommandExecutor.invokeExecute(DriverCommandExecutor.java:196)
at org.openqa.selenium.remote.service.DriverCommandExecutor.execute(DriverCommandExecutor.java:171)
at org.openqa.selenium.remote.RemoteWebDriver.execute(RemoteWebDriver.java:602)
at org.openqa.selenium.remote.RemoteWebElement.execute(RemoteWebElement.java:224)
at org.openqa.selenium.remote.RemoteWebElement.click(RemoteWebElement.java:77)
at org.testing.testScripts.TC7_watchLater1.watchToastMessage(TC7_watchLater1.java:31)
at java.base/java.util.ArrayList.forEach(ArrayList.java:1596)
at org.testing.runner.TestRunner.main(TestRunner.java:48)
... Removed 25 stack frames]]>
    </failure>
  </testcase> <!-- watchToastMessage -->
</testsuite> <!-- Command line test de7941c8-574d-49d6-9db4-1187ed3e85ee -->
