<?xml version="1.0" encoding="UTF-8"?>
<testng-results ignored="0" total="1" passed="1" failed="0" skipped="0">
  <reporter-output>
  </reporter-output>
  <suite started-at="2025-04-13T09:01:18 IST" name="Default suite" finished-at="2025-04-13T09:01:29 IST" duration-ms="11457">
    <groups>
    </groups>
    <test started-at="2025-04-13T09:01:18 IST" name="Default test" finished-at="2025-04-13T09:01:29 IST" duration-ms="11457">
      <class name="org.testing.testScripts.TC1_loginYoutubeTrendingClick">
        <test-method is-config="true" signature="browserLaunch()[pri:0, instance:org.testing.testScripts.TC1_loginYoutubeTrendingClick@6981f8f3]" started-at="2025-04-13T09:01:18 IST" name="browserLaunch" finished-at="2025-04-13T09:01:24 IST" duration-ms="5798" status="PASS">
          <reporter-output>
          </reporter-output>
        </test-method> <!-- browserLaunch -->
        <test-method signature="testTrendingLink()[pri:0, instance:org.testing.testScripts.TC1_loginYoutubeTrendingClick@6981f8f3]" started-at="2025-04-13T09:01:24 IST" name="testTrendingLink" finished-at="2025-04-13T09:01:29 IST" duration-ms="5052" status="PASS">
          <reporter-output>
          </reporter-output>
        </test-method> <!-- testTrendingLink -->
        <test-method is-config="true" signature="browserClose()[pri:0, instance:org.testing.testScripts.TC1_loginYoutubeTrendingClick@6981f8f3]" started-at="2025-04-13T09:01:29 IST" name="browserClose" finished-at="2025-04-13T09:01:29 IST" duration-ms="527" status="PASS">
          <reporter-output>
          </reporter-output>
        </test-method> <!-- browserClose -->
      </class> <!-- org.testing.testScripts.TC1_loginYoutubeTrendingClick -->
    </test> <!-- Default test -->
  </suite> <!-- Default suite -->
</testng-results>
