<?xml version="1.0" encoding="UTF-8"?>
<!-- Generated by org.testng.reporters.JUnitReportReporter -->
<testsuite hostname="BSTPL-LAP-31" failures="0" tests="1" name="org.testing.testScripts.TC2_YouTubeHomePageandHistoryIconclick" time="16.295" errors="0" timestamp="2025-04-11T12:46:09 IST" skipped="0">
  <testcase classname="org.testing.testScripts.TC2_YouTubeHomePageandHistoryIconclick" name="YouTubeHomePageandHistoryIconclick" time="16.295"/>
  <system-out/>
</testsuite> <!-- org.testing.testScripts.TC2_YouTubeHomePageandHistoryIconclick -->
