<?xml version="1.0" encoding="UTF-8"?>
<!-- Generated by org.testng.reporters.JUnitReportReporter -->
<testsuite hostname="BSTPL-LAP-31" failures="0" tests="1" name="org.testing.testScripts.TC1_loginYoutubeTrendingClick" time="40.188" errors="0" timestamp="2025-04-13T10:17:59 IST" skipped="0">
  <testcase classname="org.testing.testScripts.TC1_loginYoutubeTrendingClick" name="testTrendingLink" time="40.188"/>
  <system-out/>
</testsuite> <!-- org.testing.testScripts.TC1_loginYoutubeTrendingClick -->
